Thu 25 Apr 2024 07:16:45 PM UTC: 
 hashmap.c | 80 +++++++++++++++++++++++++++++++++++++++++++++++++++++++++------
 1 file changed, 73 insertions(+), 7 deletions(-)
 tests:  7|3
total_score: 40/70
f2325df
Sat 27 Apr 2024 08:08:30 PM UTC: 
 hashmap.c | 2 +-
 1 file changed, 1 insertion(+), 1 deletion(-)
 tests:  7|3
total_score: 40/70
27ab164
Sat 27 Apr 2024 08:09:29 PM UTC: 
 hashmap.c | 21 ++++++++++++++++++---
 1 file changed, 18 insertions(+), 3 deletions(-)
 tests:  7|3
total_score: 40/70
250f066
Sat 27 Apr 2024 08:10:19 PM UTC: 
 hashmap.c | 19 +++++++++++++++++--
 1 file changed, 17 insertions(+), 2 deletions(-)
 tests:  10|2
total_score: 50/70
d6985f0
Sat 27 Apr 2024 08:11:52 PM UTC: 
 hashmap.c | 6 +++---
 1 file changed, 3 insertions(+), 3 deletions(-)
 tests:  10|2
total_score: 50/70
138b361
Sat 27 Apr 2024 08:13:01 PM UTC: 
 hashmap.c | 10 +++++++++-
 1 file changed, 9 insertions(+), 1 deletion(-)
 tests:  10|2
total_score: 50/70
6edeafc
Sun 28 Apr 2024 03:31:22 AM UTC: 
 hashmap.c | 3 +--
 1 file changed, 1 insertion(+), 2 deletions(-)
test.c: In function ‘eraseMap’:
test.c:453:5: error: ‘main’ is normally a non-static function [-Werror=main]
  453 | int main( int argc, char *argv[] ) {
      |     ^~~~
test.c:511:1: error: expected declaration or statement at end of input
  511 | }
      | ^
At top level:
test.c:453:5: error: ‘main’ defined but not used [-Werror=unused-function]
  453 | int main( int argc, char *argv[] ) {
      |     ^~~~
test.c:217:5: error: ‘insert_test5’ defined but not used [-Werror=unused-function]
  217 | int insert_test5(){ //factor de carga>0.7, se llama a función enlarge
      |     ^~~~~~~~~~~~
test.c:131:6: error: ‘compare_test’ defined but not used [-Werror=unused-function]
  131 | void compare_test(){
      |      ^~~~~~~~~~~~
test.c:125:6: error: ‘hash_test3’ defined but not used [-Werror=unused-function]
  125 | void hash_test3(){ //no random
      |      ^~~~~~~~~~
test.c:111:6: error: ‘hash_test2’ defined but not used [-Werror=unused-function]
  111 | void hash_test2(){ // colisiones
      |      ^~~~~~~~~~
test.c:100:6: error: ‘hash_test1’ defined but not used [-Werror=unused-function]
  100 | void hash_test1(){ // posición válida
      |      ^~~~~~~~~~
cc1: all warnings being treated as errors
Compilation failed
d30311e
Sun 28 Apr 2024 03:31:58 AM UTC: 
 hashmap.c | 1 +
 1 file changed, 1 insertion(+)
 tests:  14|1
total_score: 60/70
a15e01b
Sun 28 Apr 2024 03:32:26 AM UTC: 
 hashmap.c | 2 +-
 1 file changed, 1 insertion(+), 1 deletion(-)
 tests:  14|1
total_score: 60/70
d97e2f2
Sun 28 Apr 2024 03:34:11 AM UTC: 
 hashmap.c | 29 ++++++++++++++++++-----------
 1 file changed, 18 insertions(+), 11 deletions(-)
 tests:  14|1
total_score: 60/70
1760165
Sun 28 Apr 2024 03:34:49 AM UTC: 
 hashmap.c | 20 ++++++++++++++++++--
 1 file changed, 18 insertions(+), 2 deletions(-)
 tests:  14|1
total_score: 60/70
19d3a2d
